/*C6*/SET SCHEMA PUBLIC
DISCONNECT
/*C5*/SET SCHEMA PUBLIC
DISCONNECT
/*C7*/SET SCHEMA PUBLIC
DISCONNECT
/*C8*/SET SCHEMA PUBLIC
DISCONNECT
/*C10*/SET SCHEMA PUBLIC
DISCONNECT
/*C9*/SET SCHEMA PUBLIC
DISCONNECT
/*C11*/SET SCHEMA PUBLIC
DISCONNECT
/*C12*/SET SCHEMA PUBLIC
DISCONNECT
/*C13*/SET SCHEMA PUBLIC
DELETE FROM "kpi_formula" WHERE "id"=1
INSERT INTO "kpi_formula" VALUES(1,4,3,NULL,'/',1,NULL,NULL,NULL,NULL,NULL)
COMMIT
DISCONNECT
/*C14*/SET SCHEMA PUBLIC
DELETE FROM "kpi" WHERE "id"=4
INSERT INTO "kpi" VALUES(4,NULL,'Scrap ratea','Relation of product inappropriate to sell.',1,'hour','1','1','1','1','composed',1)
COMMIT
DISCONNECT
/*C15*/SET SCHEMA PUBLIC
DELETE FROM "kpi_formula" WHERE "id"=1
INSERT INTO "kpi_formula" VALUES(1,4,3,NULL,'/',1,NULL,NULL,NULL,NULL,NULL)
COMMIT
DISCONNECT
/*C16*/SET SCHEMA PUBLIC
DELETE FROM "kpi" WHERE "id"=4
INSERT INTO "kpi" VALUES(4,NULL,'Scrap rate','Relation of product inappropriate to sell.',1,'hour','1','1','1','1','composed',1)
COMMIT
DISCONNECT
